2022-Dec-21 00:20:59,451 [main] utility.Log 
  INFO  ***Started Execution****
2022-Dec-21 00:21:55,777 [main] utility.Log 
  INFO  Application Close Sucessfully!!!
2022-Dec-21 00:21:55,815 [main] utility.Log 
  INFO  ***Started Execution****
2022-Dec-21 00:22:06,361 [main] utility.Log 
  INFO  Application Close Sucessfully!!!
2022-Dec-21 00:23:30,333 [main] utility.Log 
  INFO  ***Started Execution****
2022-Dec-21 00:24:11,145 [main] utility.Log 
  INFO  Application Close Sucessfully!!!
2022-Dec-21 00:24:11,186 [main] utility.Log 
  INFO  ***Started Execution****
2022-Dec-21 00:24:20,285 [main] utility.Log 
  INFO  Application Close Sucessfully!!!
2022-Dec-21 00:31:29,701 [main] utility.Log 
  INFO  ***Started Execution****
2022-Dec-21 00:32:17,391 [main] utility.Log 
  INFO  Application Close Sucessfully!!!
2022-Dec-21 00:32:17,443 [main] utility.Log 
  INFO  ***Started Execution****
2022-Dec-21 00:32:25,922 [main] utility.Log 
  INFO  Application Close Sucessfully!!!
2022-Dec-21 00:48:25,648 [main] utility.Log 
  INFO  ***Started Execution****
2022-Dec-21 00:49:11,326 [main] utility.Log 
  INFO  Application Close Sucessfully!!!
2022-Dec-21 00:49:11,375 [main] utility.Log 
  INFO  ***Started Execution****
2022-Dec-21 00:49:21,876 [main] utility.Log 
  INFO  Application Close Sucessfully!!!
2022-Dec-21 00:52:17,859 [main] utility.Log 
  INFO  ***Started Execution****
2022-Dec-21 00:53:04,438 [main] utility.Log 
  INFO  Application Close Sucessfully!!!
2022-Dec-21 00:53:04,489 [main] utility.Log 
  INFO  ***Started Execution****
2022-Dec-21 00:53:14,253 [main] utility.Log 
  INFO  Application Close Sucessfully!!!
2022-Dec-21 00:54:20,426 [main] utility.Log 
  INFO  ***Started Execution****
2022-Dec-21 00:54:42,124 [main] utility.Log 
  INFO  ***Started Execution****
2022-Dec-21 00:55:01,210 [main] utility.Log 
  INFO  Application Close Sucessfully!!!
2022-Dec-21 01:04:10,097 [main] utility.Log 
  INFO  ***Started Execution****
2022-Dec-21 01:04:34,486 [main] utility.Log 
  INFO  ***Started Execution****
2022-Dec-21 01:04:59,552 [main] utility.Log 
  INFO  Application Close Sucessfully!!!
2023-May-18 21:26:43,968 [main] utility.Log 
  INFO  ***Started Execution****
2023-May-18 21:27:39,424 [main] utility.Log 
  INFO  Application Close Sucessfully!!!
2023-May-18 21:27:39,449 [main] utility.Log 
  INFO  ***Started Execution****
2023-May-18 21:27:49,677 [main] utility.Log 
  INFO  Application Close Sucessfully!!!
2023-May-29 20:26:27,796 [main] utility.Log 
  INFO  ***Started Execution****
2023-May-29 20:27:24,516 [main] utility.Log 
  INFO  Application Close Sucessfully!!!
2023-May-29 20:27:24,646 [main] utility.Log 
  INFO  ***Started Execution****
2023-May-29 20:27:47,738 [main] utility.Log 
  INFO  Application Close Sucessfully!!!
2023-May-29 20:28:30,409 [main] utility.Log 
  INFO  ***Started Execution****
2023-May-29 20:29:14,971 [main] utility.Log 
  INFO  Application Close Sucessfully!!!
2023-May-29 20:29:15,042 [main] utility.Log 
  INFO  ***Started Execution****
2023-May-29 21:15:29,911 [main] utility.Log 
  INFO  ***Started Execution****
2023-May-29 21:15:38,573 [main] utility.Log 
  INFO  ***Started Execution****
2023-May-29 21:16:15,506 [main] utility.Log 
  INFO  Application Close Sucessfully!!!
2023-May-29 21:18:49,317 [main] utility.Log 
  INFO  ***Started Execution****
2023-May-29 21:19:40,799 [main] utility.Log 
  INFO  Application Close Sucessfully!!!
2023-May-29 21:19:40,901 [main] utility.Log 
  INFO  ***Started Execution****
2023-May-31 19:49:48,128 [main] utility.Log 
  INFO  ***Started Execution****
2023-May-31 19:50:38,666 [main] utility.Log 
  INFO  Application Close Sucessfully!!!
2023-May-31 19:50:38,817 [main] utility.Log 
  INFO  ***Started Execution****
2023-May-31 19:54:27,109 [main] utility.Log 
  INFO  ***Started Execution****
2023-May-31 19:55:02,154 [main] utility.Log 
  INFO  Application Close Sucessfully!!!
2023-May-31 19:55:02,227 [main] utility.Log 
  INFO  ***Started Execution****
2023-May-31 20:02:27,781 [main] utility.Log 
  INFO  ***Started Execution****
2023-May-31 20:03:07,754 [main] utility.Log 
  INFO  Application Close Sucessfully!!!
2023-May-31 20:03:07,848 [main] utility.Log 
  INFO  ***Started Execution****
2023-May-31 20:03:59,050 [main] utility.Log 
  INFO  ***Started Execution****
2023-May-31 20:04:32,487 [main] utility.Log 
  INFO  Application Close Sucessfully!!!
2023-May-31 20:04:32,585 [main] utility.Log 
  INFO  ***Started Execution****
2023-May-31 20:07:50,771 [main] utility.Log 
  INFO  ***Started Execution****
2023-May-31 20:08:25,792 [main] utility.Log 
  INFO  Application Close Sucessfully!!!
2023-May-31 20:08:25,860 [main] utility.Log 
  INFO  ***Started Execution****
2023-May-31 20:13:08,486 [main] utility.Log 
  INFO  ***Started Execution****
2023-May-31 20:14:27,350 [main] utility.Log 
  INFO  ***Started Execution****
2023-May-31 20:15:02,809 [main] utility.Log 
  INFO  Application Close Sucessfully!!!
2023-May-31 20:15:02,901 [main] utility.Log 
  INFO  ***Started Execution****
2023-May-31 20:16:56,030 [main] utility.Log 
  INFO  ***Started Execution****
2023-May-31 20:17:30,497 [main] utility.Log 
  INFO  Application Close Sucessfully!!!
2023-May-31 20:17:30,594 [main] utility.Log 
  INFO  ***Started Execution****
2023-May-31 20:19:06,844 [main] utility.Log 
  INFO  ***Started Execution****
2023-May-31 20:19:41,880 [main] utility.Log 
  INFO  Application Close Sucessfully!!!
2023-May-31 20:19:41,983 [main] utility.Log 
  INFO  ***Started Execution****
2023-May-31 20:21:15,386 [main] utility.Log 
  INFO  ***Started Execution****
2023-May-31 20:21:57,130 [main] utility.Log 
  INFO  Application Close Sucessfully!!!
2023-May-31 20:21:57,235 [main] utility.Log 
  INFO  ***Started Execution****
2023-May-31 20:48:31,697 [main] utility.Log 
  INFO  ***Started Execution****
2023-May-31 20:49:31,804 [main] utility.Log 
  INFO  Application Close Sucessfully!!!
2023-May-31 20:49:31,960 [main] utility.Log 
  INFO  ***Started Execution****
2023-May-31 20:52:02,823 [main] utility.Log 
  INFO  ***Started Execution****
2023-May-31 20:52:52,676 [main] utility.Log 
  INFO  Application Close Sucessfully!!!
2023-May-31 20:52:52,820 [main] utility.Log 
  INFO  ***Started Execution****
2023-May-31 21:02:48,896 [main] utility.Log 
  INFO  ***Started Execution****
2023-May-31 21:03:46,592 [main] utility.Log 
  INFO  Application Close Sucessfully!!!
2023-May-31 21:03:46,722 [main] utility.Log 
  INFO  ***Started Execution****
2023-May-31 21:06:14,801 [main] utility.Log 
  INFO  ***Started Execution****
2023-May-31 21:07:22,823 [main] utility.Log 
  INFO  Application Close Sucessfully!!!
2023-May-31 21:07:22,973 [main] utility.Log 
  INFO  ***Started Execution****
2023-May-31 21:08:36,130 [main] utility.Log 
  INFO  ***Started Execution****
2023-May-31 21:09:22,076 [main] utility.Log 
  INFO  Application Close Sucessfully!!!
2023-May-31 21:09:22,214 [main] utility.Log 
  INFO  ***Started Execution****
2023-May-31 21:15:06,784 [main] utility.Log 
  INFO  ***Started Execution****
2023-May-31 21:15:55,163 [main] utility.Log 
  INFO  Application Close Sucessfully!!!
2023-May-31 21:15:55,323 [main] utility.Log 
  INFO  ***Started Execution****
2023-May-31 21:17:27,691 [main] utility.Log 
  INFO  ***Started Execution****
2023-May-31 21:18:14,897 [main] utility.Log 
  INFO  ***Started Execution****
2023-May-31 21:19:04,214 [main] utility.Log 
  INFO  Application Close Sucessfully!!!
2023-May-31 21:19:04,346 [main] utility.Log 
  INFO  ***Started Execution****
2025-Jun-14 15:15:19,124 [main] utility.Log 
  INFO  ***Started Execution****
2025-Jun-14 15:15:53,942 [main] utility.Log 
  INFO  ***Started Execution****
